npm error code ERESOLVE
npm error ERESOLVE unable to resolve dependency tree
npm error
npm error While resolving: zt-ui@0.1.0
npm error Found: next@15.0.2
npm error node_modules/next
npm error   next@"15.0.2" from the root project
npm error
npm error Could not resolve dependency:
npm error peer next@"^13.5.0 || ^14.0.0" from @storybook/nextjs@8.4.1
npm error node_modules/@storybook/nextjs
npm error   dev @storybook/nextjs@"8.4.1" from the root project
npm error
npm error Fix the upstream dependency conflict, or retry
npm error this command with --force or --legacy-peer-deps
npm error to accept an incorrect (and potentially broken) dependency resolution.
npm error
npm error
npm error For a full report see:
npm error C:\Users\einst\AppData\Local\npm-cache\_logs\2024-11-03T13_00_09_557Z-eresolve-report.txt
npm error A complete log of this run can be found in: C:\Users\einst\AppData\Local\npm-cache\_logs\2024-11-03T13_00_09_557Z-debug-0.log
